2025-02-25 17:33:42,810 - INFO - Connecting to imap.gmail.com...
2025-02-25 17:33:47,170 - INFO - Connection established successfully
2025-02-25 17:33:47,170 - INFO - Started monitoring for emails with subject: 'Important Notification'
2025-02-25 17:33:47,170 - INFO - Checking every 30 seconds...
2025-02-25 17:33:50,688 - INFO - New email detected: From Sachin Parmar <sachinparmar98134@gmail.com>, Subject: Important Notification
2025-02-25 17:33:50,688 - INFO - Processing new email...
2025-02-25 17:33:50,688 - INFO - Email content saved to email_20250225_173350.txt
2025-02-25 17:34:56,701 - INFO - New email detected: From Sachin Parmar <sachinparmar98134@gmail.com>, Subject: Important Notification
2025-02-25 17:34:56,710 - INFO - Processing new email...
2025-02-25 17:34:56,710 - INFO - Email content saved to email_20250225_173456.txt
2025-02-25 17:36:00,630 - INFO - New email detected: From Sachin Parmar <sachinparmar98134@gmail.com>, Subject: Important Notification
2025-02-25 17:36:00,630 - INFO - Processing new email...
2025-02-25 17:36:00,636 - INFO - Email content saved to email_20250225_173600.txt
2025-02-25 17:50:23,232 - ERROR - IMAP connection aborted. Reconnecting...
2025-02-25 17:50:23,239 - INFO - Connecting to imap.gmail.com...
2025-02-25 17:50:23,250 - ERROR - Unexpected error during connection (attempt 1/5): [Errno 11001] getaddrinfo failed
2025-02-25 17:50:53,255 - INFO - Connecting to imap.gmail.com...
2025-02-25 17:50:56,037 - INFO - Connection established successfully
2025-02-25 17:51:59,415 - ERROR - IMAP connection aborted. Reconnecting...
2025-02-25 17:51:59,415 - INFO - Connecting to imap.gmail.com...
2025-02-25 17:51:59,420 - ERROR - Unexpected error during connection (attempt 1/5): [Errno 11001] getaddrinfo failed
2025-02-25 17:52:29,423 - INFO - Connecting to imap.gmail.com...
2025-02-25 17:52:29,426 - ERROR - Unexpected error during connection (attempt 2/5): [Errno 11001] getaddrinfo failed
2025-02-25 17:52:59,428 - INFO - Connecting to imap.gmail.com...
2025-02-25 17:52:59,429 - ERROR - Unexpected error during connection (attempt 3/5): [Errno 11001] getaddrinfo failed
2025-02-25 17:53:29,431 - INFO - Connecting to imap.gmail.com...
2025-02-25 17:53:29,431 - ERROR - Unexpected error during connection (attempt 4/5): [Errno 11001] getaddrinfo failed
2025-02-25 17:53:59,433 - INFO - Connecting to imap.gmail.com...
2025-02-25 17:53:59,438 - ERROR - Unexpected error during connection (attempt 5/5): [Errno 11001] getaddrinfo failed
2025-02-25 17:54:29,440 - CRITICAL - Failed to connect after 5 attempts
2025-02-25 17:54:29,441 - WARNING - Error during disconnect: command CLOSE illegal in state AUTH, only allowed in states SELECTED
2025-02-25 17:54:29,441 - INFO - Connecting to imap.gmail.com...
2025-02-25 17:54:29,448 - ERROR - Unexpected error during connection (attempt 1/5): [Errno 11001] getaddrinfo failed
2025-02-25 17:54:59,449 - INFO - Connecting to imap.gmail.com...
2025-02-25 17:54:59,453 - ERROR - Unexpected error during connection (attempt 2/5): [Errno 11001] getaddrinfo failed
2025-02-25 17:55:29,456 - INFO - Connecting to imap.gmail.com...
2025-02-25 17:55:29,458 - ERROR - Unexpected error during connection (attempt 3/5): [Errno 11001] getaddrinfo failed
2025-02-25 17:55:59,460 - INFO - Connecting to imap.gmail.com...
2025-02-25 17:55:59,461 - ERROR - Unexpected error during connection (attempt 4/5): [Errno 11001] getaddrinfo failed
2025-02-25 17:56:29,465 - INFO - Connecting to imap.gmail.com...
2025-02-25 17:56:29,492 - ERROR - Unexpected error during connection (attempt 5/5): [Errno 11001] getaddrinfo failed
2025-02-25 17:56:59,496 - CRITICAL - Failed to connect after 5 attempts
2025-02-25 17:56:59,498 - ERROR - Could not establish connection. Retrying in 60 seconds...
2025-02-25 17:57:59,511 - WARNING - Error during disconnect: command CLOSE illegal in state AUTH, only allowed in states SELECTED
2025-02-25 17:57:59,527 - INFO - Connecting to imap.gmail.com...
2025-02-25 17:58:15,904 - ERROR - IMAP error during connection (attempt 1/5): socket error: EOF
2025-02-25 17:58:45,907 - INFO - Connecting to imap.gmail.com...
2025-02-25 17:58:57,121 - ERROR - Unexpected error during connection (attempt 2/5): [Errno 11001] getaddrinfo failed
2025-02-25 17:59:27,123 - INFO - Connecting to imap.gmail.com...
2025-02-25 17:59:27,123 - ERROR - Unexpected error during connection (attempt 3/5): [Errno 11001] getaddrinfo failed
2025-02-25 17:59:57,153 - INFO - Connecting to imap.gmail.com...
2025-02-25 17:59:57,153 - ERROR - Unexpected error during connection (attempt 4/5): [Errno 11001] getaddrinfo failed
2025-02-25 18:00:27,157 - INFO - Connecting to imap.gmail.com...
2025-02-25 18:00:27,158 - ERROR - Unexpected error during connection (attempt 5/5): [Errno 11001] getaddrinfo failed
2025-02-25 18:00:57,186 - CRITICAL - Failed to connect after 5 attempts
2025-02-25 18:00:57,186 - ERROR - Could not establish connection. Retrying in 60 seconds...
2025-02-25 18:01:57,189 - WARNING - Error during disconnect: command CLOSE illegal in state AUTH, only allowed in states SELECTED
2025-02-25 18:01:57,189 - INFO - Connecting to imap.gmail.com...
2025-02-25 18:01:57,189 - ERROR - Unexpected error during connection (attempt 1/5): [Errno 11001] getaddrinfo failed
2025-02-25 18:02:27,194 - INFO - Connecting to imap.gmail.com...
2025-02-25 18:02:27,196 - ERROR - Unexpected error during connection (attempt 2/5): [Errno 11001] getaddrinfo failed
2025-02-25 18:02:57,199 - INFO - Connecting to imap.gmail.com...
2025-02-25 18:02:57,199 - ERROR - Unexpected error during connection (attempt 3/5): [Errno 11001] getaddrinfo failed
2025-02-25 18:03:27,204 - INFO - Connecting to imap.gmail.com...
2025-02-25 18:03:27,204 - ERROR - Unexpected error during connection (attempt 4/5): [Errno 11001] getaddrinfo failed
2025-02-25 18:03:57,208 - INFO - Connecting to imap.gmail.com...
2025-02-25 18:03:57,211 - ERROR - Unexpected error during connection (attempt 5/5): [Errno 11001] getaddrinfo failed
2025-02-25 18:04:27,213 - CRITICAL - Failed to connect after 5 attempts
2025-02-25 18:04:27,213 - ERROR - Could not establish connection. Retrying in 60 seconds...
2025-02-25 18:05:27,216 - WARNING - Error during disconnect: command CLOSE illegal in state AUTH, only allowed in states SELECTED
2025-02-25 18:05:27,216 - INFO - Connecting to imap.gmail.com...
2025-02-25 18:05:27,216 - ERROR - Unexpected error during connection (attempt 1/5): [Errno 11001] getaddrinfo failed
2025-02-25 18:05:57,224 - INFO - Connecting to imap.gmail.com...
2025-02-25 18:05:57,224 - ERROR - Unexpected error during connection (attempt 2/5): [Errno 11001] getaddrinfo failed
2025-02-25 18:06:27,229 - INFO - Connecting to imap.gmail.com...
2025-02-25 18:06:27,229 - ERROR - Unexpected error during connection (attempt 3/5): [Errno 11001] getaddrinfo failed
2025-02-25 18:06:57,233 - INFO - Connecting to imap.gmail.com...
2025-02-25 18:06:57,236 - ERROR - Unexpected error during connection (attempt 4/5): [Errno 11001] getaddrinfo failed
2025-02-25 18:07:27,237 - INFO - Connecting to imap.gmail.com...
2025-02-25 18:07:27,237 - ERROR - Unexpected error during connection (attempt 5/5): [Errno 11001] getaddrinfo failed
2025-02-25 18:07:57,241 - CRITICAL - Failed to connect after 5 attempts
2025-02-25 18:07:57,241 - ERROR - Could not establish connection. Retrying in 60 seconds...
2025-02-25 18:08:57,244 - WARNING - Error during disconnect: command CLOSE illegal in state AUTH, only allowed in states SELECTED
2025-02-25 18:08:57,244 - INFO - Connecting to imap.gmail.com...
2025-02-25 18:08:57,244 - ERROR - Unexpected error during connection (attempt 1/5): [Errno 11001] getaddrinfo failed
2025-02-25 18:09:27,249 - INFO - Connecting to imap.gmail.com...
2025-02-25 18:09:27,249 - ERROR - Unexpected error during connection (attempt 2/5): [Errno 11001] getaddrinfo failed
2025-02-25 18:09:57,253 - INFO - Connecting to imap.gmail.com...
2025-02-25 18:09:57,255 - ERROR - Unexpected error during connection (attempt 3/5): [Errno 11001] getaddrinfo failed
2025-02-25 18:10:27,258 - INFO - Connecting to imap.gmail.com...
2025-02-25 18:10:27,261 - ERROR - Unexpected error during connection (attempt 4/5): [Errno 11001] getaddrinfo failed
2025-02-25 18:10:57,262 - INFO - Connecting to imap.gmail.com...
2025-02-25 18:10:57,272 - ERROR - Unexpected error during connection (attempt 5/5): [Errno 11001] getaddrinfo failed
2025-02-25 18:11:27,274 - CRITICAL - Failed to connect after 5 attempts
2025-02-25 18:11:27,274 - ERROR - Could not establish connection. Retrying in 60 seconds...
2025-02-25 18:12:27,276 - WARNING - Error during disconnect: command CLOSE illegal in state AUTH, only allowed in states SELECTED
2025-02-25 18:12:27,276 - INFO - Connecting to imap.gmail.com...
2025-02-25 18:12:27,276 - ERROR - Unexpected error during connection (attempt 1/5): [Errno 11001] getaddrinfo failed
2025-02-25 18:12:57,281 - INFO - Connecting to imap.gmail.com...
2025-02-25 18:12:57,281 - ERROR - Unexpected error during connection (attempt 2/5): [Errno 11001] getaddrinfo failed
2025-02-25 18:13:27,286 - INFO - Connecting to imap.gmail.com...
2025-02-25 18:13:27,286 - ERROR - Unexpected error during connection (attempt 3/5): [Errno 11001] getaddrinfo failed
2025-02-25 18:13:57,289 - INFO - Connecting to imap.gmail.com...
2025-02-25 18:13:57,289 - ERROR - Unexpected error during connection (attempt 4/5): [Errno 11001] getaddrinfo failed
2025-02-25 18:14:27,318 - INFO - Connecting to imap.gmail.com...
2025-02-25 18:14:27,321 - ERROR - Unexpected error during connection (attempt 5/5): [Errno 11001] getaddrinfo failed
2025-02-25 18:14:57,323 - CRITICAL - Failed to connect after 5 attempts
2025-02-25 18:14:57,326 - ERROR - Could not establish connection. Retrying in 60 seconds...
2025-02-25 18:15:57,329 - WARNING - Error during disconnect: command CLOSE illegal in state AUTH, only allowed in states SELECTED
2025-02-25 18:15:57,329 - INFO - Connecting to imap.gmail.com...
2025-02-25 18:16:00,036 - INFO - Connection established successfully
2025-02-25 18:16:00,037 - INFO - Started monitoring for emails with subject: 'Important Notification'
2025-02-25 18:16:00,037 - INFO - Checking every 30 seconds...
2025-02-25 18:23:26,546 - ERROR - IMAP connection aborted. Reconnecting...
2025-02-25 18:23:26,567 - INFO - Connecting to imap.gmail.com...
2025-02-25 18:23:26,584 - ERROR - Unexpected error during connection (attempt 1/5): [Errno 11001] getaddrinfo failed
2025-02-25 18:23:56,586 - INFO - Connecting to imap.gmail.com...
2025-02-25 18:23:56,588 - ERROR - Unexpected error during connection (attempt 2/5): [Errno 11001] getaddrinfo failed
2025-02-25 18:24:26,591 - INFO - Connecting to imap.gmail.com...
2025-02-25 18:24:34,619 - ERROR - Unexpected error during connection (attempt 3/5): [Errno 11001] getaddrinfo failed
2025-02-25 18:25:04,621 - INFO - Connecting to imap.gmail.com...
2025-02-25 18:25:04,622 - ERROR - Unexpected error during connection (attempt 4/5): [Errno 11001] getaddrinfo failed
2025-02-25 18:25:34,625 - INFO - Connecting to imap.gmail.com...
2025-02-25 18:25:34,630 - ERROR - Unexpected error during connection (attempt 5/5): [Errno 11001] getaddrinfo failed
2025-02-25 18:26:04,633 - CRITICAL - Failed to connect after 5 attempts
2025-02-25 18:26:04,633 - WARNING - Error during disconnect: command CLOSE illegal in state AUTH, only allowed in states SELECTED
2025-02-25 18:26:04,633 - INFO - Connecting to imap.gmail.com...
2025-02-25 18:26:04,637 - ERROR - Unexpected error during connection (attempt 1/5): [Errno 11001] getaddrinfo failed
2025-02-25 18:26:34,640 - INFO - Connecting to imap.gmail.com...
2025-02-25 18:26:34,643 - ERROR - Unexpected error during connection (attempt 2/5): [Errno 11001] getaddrinfo failed
2025-02-25 18:27:04,644 - INFO - Connecting to imap.gmail.com...
2025-02-25 18:27:04,649 - ERROR - Unexpected error during connection (attempt 3/5): [Errno 11001] getaddrinfo failed
2025-02-25 18:27:34,652 - INFO - Connecting to imap.gmail.com...
2025-02-25 18:27:37,349 - INFO - Connection established successfully
2025-02-25 18:27:37,350 - INFO - Started monitoring for emails with subject: 'Important Notification'
2025-02-25 18:27:37,351 - INFO - Checking every 30 seconds...
